[0627/231121.073:ERROR:process_memory_win.cc(73)] ReadMemory at 0x7ff7e0280000 of 64 bytes failed: Only part of a ReadProcessMemory or WriteProcessMemory request was completed. (0x12B)
[0627/231121.073:WARNING:pe_image_reader.cc(340)] could not read dos header from C:\Program Files (x86)\Google\Chrome\Application\chrome.exe
[0627/231121.073:ERROR:process_memory_win.cc(73)] ReadMemory at 0x7ffefb0c0000 of 64 bytes failed: Only part of a ReadProcessMemory or WriteProcessMemory request was completed. (0x12B)
[0627/231121.073:WARNING:pe_image_reader.cc(340)] could not read dos header from C:\Windows\SYSTEM32\ntdll.dll
[0627/231121.073:ERROR:process_memory_win.cc(73)] ReadMemory at 0x7ffefa9d0000 of 64 bytes failed: Only part of a ReadProcessMemory or WriteProcessMemory request was completed. (0x12B)
[0627/231121.073:WARNING:pe_image_reader.cc(340)] could not read dos header from C:\Windows\System32\KERNEL32.DLL
[0627/231121.073:ERROR:process_memory_win.cc(73)] ReadMemory at 0x7ffef7f90000 of 64 bytes failed: Only part of a ReadProcessMemory or WriteProcessMemory request was completed. (0x12B)
[0627/231121.073:WARNING:pe_image_reader.cc(340)] could not read dos header from C:\Windows\System32\KERNELBASE.dll
[0627/231121.073:ERROR:process_memory_win.cc(73)] ReadMemory at 0x7ffebe540000 of 64 bytes failed: Only part of a ReadProcessMemory or WriteProcessMemory request was completed. (0x12B)
[0627/231121.073:WARNING:pe_image_reader.cc(340)] could not read dos header from C:\Program Files (x86)\Google\Chrome\Application\83.0.4103.116\chrome_elf.dll
[0627/231121.073:ERROR:process_memory_win.cc(73)] ReadMemory at 0x7ffef3a30000 of 64 bytes failed: Only part of a ReadProcessMemory or WriteProcessMemory request was completed. (0x12B)
[0627/231121.073:WARNING:pe_image_reader.cc(340)] could not read dos header from C:\Windows\SYSTEM32\VERSION.dll
[0627/231121.073:ERROR:process_memory_win.cc(73)] ReadMemory at 0x7ffefab00000 of 64 bytes failed: Only part of a ReadProcessMemory or WriteProcessMemory request was completed. (0x12B)
[0627/231121.073:WARNING:pe_image_reader.cc(340)] could not read dos header from C:\Windows\System32\msvcrt.dll
[0627/231121.073:ERROR:process_memory_win.cc(73)] ReadMemory at 0x7ffef8230000 of 64 bytes failed: Only part of a ReadProcessMemory or WriteProcessMemory request was completed. (0x12B)
[0627/231121.073:WARNING:pe_image_reader.cc(340)] could not read dos header from C:\Windows\System32\bcryptPrimitives.dll
[0627/231121.073:ERROR:process_memory_win.cc(73)] ReadMemory at 0x7ffef8980000 of 64 bytes failed: Only part of a ReadProcessMemory or WriteProcessMemory request was completed. (0x12B)
[0627/231121.073:WARNING:pe_image_reader.cc(340)] could not read dos header from C:\Windows\System32\ADVAPI32.dll
[0627/231121.073:ERROR:process_memory_win.cc(73)] ReadMemory at 0x7ffef8c50000 of 64 bytes failed: Only part of a ReadProcessMemory or WriteProcessMemory request was completed. (0x12B)
[0627/231121.073:WARNING:pe_image_reader.cc(340)] could not read dos header from C:\Windows\System32\sechost.dll
[0627/231121.073:ERROR:process_memory_win.cc(73)] ReadMemory at 0x7ffef83f0000 of 64 bytes failed: Only part of a ReadProcessMemory or WriteProcessMemory request was completed. (0x12B)
[0627/231121.073:WARNING:pe_image_reader.cc(340)] could not read dos header from C:\Windows\System32\RPCRT4.dll
[0627/231121.073:ERROR:process_memory_win.cc(73)] ReadMemory at 0x7ffeab7f0000 of 64 bytes failed: Only part of a ReadProcessMemory or WriteProcessMemory request was completed. (0x12B)
[0627/231121.073:WARNING:pe_image_reader.cc(340)] could not read dos header from C:\Program Files (x86)\Google\Chrome\Application\83.0.4103.116\chrome.dll
[0627/231121.073:ERROR:process_memory_win.cc(73)] ReadMemory at 0x15d8d160000 of 64 bytes failed: Only part of a ReadProcessMemory or WriteProcessMemory request was completed. (0x12B)
[0627/231121.073:WARNING:pe_image_reader.cc(340)] could not read dos header from C:\Windows\System32\WS2_32.dll
[0627/231121.073:ERROR:process_memory_win.cc(73)] ReadMemory at 0x7ffef8700000 of 64 bytes failed: Only part of a ReadProcessMemory or WriteProcessMemory request was completed. (0x12B)
[0627/231121.073:WARNING:pe_image_reader.cc(340)] could not read dos header from C:\Windows\System32\OLEAUT32.dll
[0627/231121.073:ERROR:process_memory_win.cc(73)] ReadMemory at 0x7ffef7e20000 of 64 bytes failed: Only part of a ReadProcessMemory or WriteProcessMemory request was completed. (0x12B)
[0627/231121.073:WARNING:pe_image_reader.cc(340)] could not read dos header from C:\Windows\System32\msvcp_win.dll
[0627/231121.073:ERROR:process_memory_win.cc(73)] ReadMemory at 0x7ffef7d20000 of 64 bytes failed: Only part of a ReadProcessMemory or WriteProcessMemory request was completed. (0x12B)
[0627/231121.073:WARNING:pe_image_reader.cc(340)] could not read dos header from C:\Windows\System32\ucrtbase.dll
[0627/231121.073:ERROR:process_memory_win.cc(73)] ReadMemory at 0x7ffefad30000 of 64 bytes failed: Only part of a ReadProcessMemory or WriteProcessMemory request was completed. (0x12B)
[0627/231121.073:WARNING:pe_image_reader.cc(340)] could not read dos header from C:\Windows\System32\combase.dll
[0627/231121.073:ERROR:process_memory_win.cc(73)] ReadMemory at 0x7ffef7a70000 of 64 bytes failed: Only part of a ReadProcessMemory or WriteProcessMemory request was completed. (0x12B)
[0627/231121.073:WARNING:pe_image_reader.cc(340)] could not read dos header from C:\Windows\System32\WINTRUST.dll
[0627/231121.073:ERROR:process_memory_win.cc(73)] ReadMemory at 0x7ffef7080000 of 64 bytes failed: Only part of a ReadProcessMemory or WriteProcessMemory request was completed. (0x12B)
[0627/231121.073:WARNING:pe_image_reader.cc(340)] could not read dos header from C:\Windows\System32\MSASN1.dll
[0627/231121.073:ERROR:process_memory_win.cc(73)] ReadMemory at 0x7ffef7ad0000 of 64 bytes failed: Only part of a ReadProcessMemory or WriteProcessMemory request was completed. (0x12B)
[0627/231121.073:WARNING:pe_image_reader.cc(340)] could not read dos header from C:\Windows\System32\CRYPT32.dll
[0627/231121.073:ERROR:process_memory_win.cc(73)] ReadMemory at 0x7ffef6600000 of 64 bytes failed: Only part of a ReadProcessMemory or WriteProcessMemory request was completed. (0x12B)
[0627/231121.073:WARNING:pe_image_reader.cc(340)] could not read dos header from C:\Windows\SYSTEM32\IPHLPAPI.DLL
[0627/231121.073:ERROR:process_memory_win.cc(73)] ReadMemory at 0x7ffef1790000 of 64 bytes failed: Only part of a ReadProcessMemory or WriteProcessMemory request was completed. (0x12B)
[0627/231121.073:WARNING:pe_image_reader.cc(340)] could not read dos header from C:\Windows\SYSTEM32\WINMM.dll
[0627/231121.073:ERROR:process_memory_win.cc(73)] ReadMemory at 0x7ffee9cb0000 of 64 bytes failed: Only part of a ReadProcessMemory or WriteProcessMemory request was completed. (0x12B)
[0627/231121.073:WARNING:pe_image_reader.cc(340)] could not read dos header from C:\Windows\SYSTEM32\Secur32.dll
[0627/231121.073:ERROR:process_memory_win.cc(73)] ReadMemory at 0x7ffef6fb0000 of 64 bytes failed: Only part of a ReadProcessMemory or WriteProcessMemory request was completed. (0x12B)
[0627/231121.073:WARNING:pe_image_reader.cc(340)] could not read dos header from C:\Windows\SYSTEM32\USERENV.dll
[0627/231121.073:ERROR:process_memory_win.cc(73)] ReadMemory at 0x7ffef7120000 of 64 bytes failed: Only part of a ReadProcessMemory or WriteProcessMemory request was completed. (0x12B)
[0627/231121.073:WARNING:pe_image_reader.cc(340)] could not read dos header from C:\Windows\System32\profapi.dll
[0627/231121.073:ERROR:process_memory_win.cc(73)] ReadMemory at 0x7ffed6b30000 of 64 bytes failed: Only part of a ReadProcessMemory or WriteProcessMemory request was completed. (0x12B)
[0627/231121.073:WARNING:pe_image_reader.cc(340)] could not read dos header from C:\Windows\SYSTEM32\UIAutomationCore.DLL
[0627/231121.073:ERROR:process_memory_win.cc(73)] ReadMemory at 0x7ffeded20000 of 64 bytes failed: Only part of a ReadProcessMemory or WriteProcessMemory request was completed. (0x12B)
[0627/231121.073:WARNING:pe_image_reader.cc(340)] could not read dos header from C:\Windows\SYSTEM32\DWrite.dll
[0627/231121.073:ERROR:process_memory_win.cc(73)] ReadMemory at 0x7ffee8c00000 of 64 bytes failed: Only part of a ReadProcessMemory or WriteProcessMemory request was completed. (0x12B)
[0627/231121.073:WARNING:pe_image_reader.cc(340)] could not read dos header from C:\Windows\SYSTEM32\WINSPOOL.DRV
[0627/231121.073:ERROR:process_memory_win.cc(73)] ReadMemory at 0x7ffef70a0000 of 64 bytes failed: Only part of a ReadProcessMemory or WriteProcessMemory request was completed. (0x12B)
[0627/231121.073:WARNING:pe_image_reader.cc(340)] could not read dos header from C:\Windows\System32\kernel.appcore.dll
[0627/231121.073:ERROR:process_memory_win.cc(73)] ReadMemory at 0x7ffef7a40000 of 64 bytes failed: Only part of a ReadProcessMemory or WriteProcessMemory request was completed. (0x12B)
[0627/231121.073:WARNING:pe_image_reader.cc(340)] could not read dos header from C:\Windows\System32\bcrypt.dll
[0627/231121.073:ERROR:process_memory_win.cc(73)] ReadMemory at 0x7ffee1f40000 of 64 bytes failed: Only part of a ReadProcessMemory or WriteProcessMemory request was completed. (0x12B)
[0627/231121.073:WARNING:pe_image_reader.cc(340)] could not read dos header from C:\Windows\SYSTEM32\dbghelp.dll
[0627/231121.073:ERROR:process_memory_win.cc(73)] ReadMemory at 0x7ffef0580000 of 64 bytes failed: Only part of a ReadProcessMemory or WriteProcessMemory request was completed. (0x12B)
[0627/231121.073:WARNING:pe_image_reader.cc(340)] could not read dos header from C:\Windows\SYSTEM32\WINHTTP.dll
[0627/231121.073:ERROR:process_memory_win.cc(73)] ReadMemory at 0x7ffef2670000 of 64 bytes failed: Only part of a ReadProcessMemory or WriteProcessMemory request was completed. (0x12B)
[0627/231121.073:WARNING:pe_image_reader.cc(340)] could not read dos header from C:\Windows\SYSTEM32\dhcpcsvc.DLL
[0627/231121.073:ERROR:process_memory_win.cc(73)] ReadMemory at 0x7ffefa3f0000 of 64 bytes failed: Only part of a ReadProcessMemory or WriteProcessMemory request was completed. (0x12B)
[0627/231121.073:WARNING:pe_image_reader.cc(340)] could not read dos header from C:\Windows\System32\NSI.dll
[0627/231121.073:ERROR:process_memory_win.cc(73)] ReadMemory at 0x7ffef1760000 of 64 bytes failed: Only part of a ReadProcessMemory or WriteProcessMemory request was completed. (0x12B)
[0627/231121.073:WARNING:pe_image_reader.cc(340)] could not read dos header from C:\Windows\SYSTEM32\WINMMBASE.dll
[0627/231121.073:ERROR:process_memory_win.cc(73)] ReadMemory at 0x7ffef7cb0000 of 64 bytes failed: Only part of a ReadProcessMemory or WriteProcessMemory request was completed. (0x12B)
[0627/231121.073:WARNING:pe_image_reader.cc(340)] could not read dos header from C:\Windows\System32\cfgmgr32.dll
[0627/231121.073:ERROR:process_memory_win.cc(73)] ReadMemory at 0x7ffee4da0000 of 64 bytes failed: Only part of a ReadProcessMemory or WriteProcessMemory request was completed. (0x12B)
[0627/231121.073:WARNING:pe_image_reader.cc(340)] could not read dos header from C:\Windows\SYSTEM32\Bcp47Langs.dll
[0627/231121.073:ERROR:process_memory_win.cc(73)] ReadMemory at 0x7ffef3230000 of 64 bytes failed: Only part of a ReadProcessMemory or WriteProcessMemory request was completed. (0x12B)
[0627/231121.073:WARNING:pe_image_reader.cc(340)] could not read dos header from C:\Windows\SYSTEM32\PROPSYS.dll
[0627/231121.073:ERROR:process_memory_win.cc(73)] ReadMemory at 0x7ffef8520000 of 64 bytes failed: Only part of a ReadProcessMemory or WriteProcessMemory request was completed. (0x12B)
[0627/231121.073:WARNING:pe_image_reader.cc(340)] could not read dos header from C:\Windows\System32\shcore.dll
[0627/231121.073:ERROR:process_memory_win.cc(73)] ReadMemory at 0x7ffef6f70000 of 64 bytes failed: Only part of a ReadProcessMemory or WriteProcessMemory request was completed. (0x12B)
[0627/231121.073:WARNING:pe_image_reader.cc(340)] could not read dos header from C:\Windows\SYSTEM32\SSPICLI.DLL
[0627/231121.073:ERROR:process_memory_win.cc(73)] ReadMemory at 0x7ffef6ab0000 of 64 bytes failed: Only part of a ReadProcessMemory or WriteProcessMemory request was completed. (0x12B)
[0627/231121.073:WARNING:pe_image_reader.cc(340)] could not read dos header from C:\Windows\SYSTEM32\CRYPTBASE.DLL
[0627/231121.073:ERROR:process_memory_win.cc(73)] ReadMemory at 0x7ff7e0280000 of 64 bytes failed: Only part of a ReadProcessMemory or WriteProcessMemory request was completed. (0x12B)
[0627/231121.073:WARNING:pe_image_reader.cc(340)] could not read dos header from C:\Program Files (x86)\Google\Chrome\Application\chrome.exe
[0627/231121.073:ERROR:process_memory_win.cc(73)] ReadMemory at 0x7ffefb0c0000 of 64 bytes failed: Only part of a ReadProcessMemory or WriteProcessMemory request was completed. (0x12B)
[0627/231121.073:WARNING:pe_image_reader.cc(340)] could not read dos header from C:\Windows\SYSTEM32\ntdll.dll
[0627/231121.073:ERROR:process_memory_win.cc(73)] ReadMemory at 0x7ffefa9d0000 of 64 bytes failed: Only part of a ReadProcessMemory or WriteProcessMemory request was completed. (0x12B)
[0627/231121.073:WARNING:pe_image_reader.cc(340)] could not read dos header from C:\Windows\System32\KERNEL32.DLL
[0627/231121.073:ERROR:process_memory_win.cc(73)] ReadMemory at 0x7ffef7f90000 of 64 bytes failed: Only part of a ReadProcessMemory or WriteProcessMemory request was completed. (0x12B)
[0627/231121.073:WARNING:pe_image_reader.cc(340)] could not read dos header from C:\Windows\System32\KERNELBASE.dll
[0627/231121.073:ERROR:process_memory_win.cc(73)] ReadMemory at 0x7ffebe540000 of 64 bytes failed: Only part of a ReadProcessMemory or WriteProcessMemory request was completed. (0x12B)
[0627/231121.073:WARNING:pe_image_reader.cc(340)] could not read dos header from C:\Program Files (x86)\Google\Chrome\Application\83.0.4103.116\chrome_elf.dll
[0627/231121.073:ERROR:process_memory_win.cc(73)] ReadMemory at 0x7ffef3a30000 of 64 bytes failed: Only part of a ReadProcessMemory or WriteProcessMemory request was completed. (0x12B)
[0627/231121.073:WARNING:pe_image_reader.cc(340)] could not read dos header from C:\Windows\SYSTEM32\VERSION.dll
[0627/231121.073:ERROR:process_memory_win.cc(73)] ReadMemory at 0x7ffefab00000 of 64 bytes failed: Only part of a ReadProcessMemory or WriteProcessMemory request was completed. (0x12B)
[0627/231121.073:WARNING:pe_image_reader.cc(340)] could not read dos header from C:\Windows\System32\msvcrt.dll
[0627/231121.073:ERROR:process_memory_win.cc(73)] ReadMemory at 0x7ffef8230000 of 64 bytes failed: Only part of a ReadProcessMemory or WriteProcessMemory request was completed. (0x12B)
[0627/231121.073:WARNING:pe_image_reader.cc(340)] could not read dos header from C:\Windows\System32\bcryptPrimitives.dll
[0627/231121.073:ERROR:process_memory_win.cc(73)] ReadMemory at 0x7ffef8980000 of 64 bytes failed: Only part of a ReadProcessMemory or WriteProcessMemory request was completed. (0x12B)
[0627/231121.073:WARNING:pe_image_reader.cc(340)] could not read dos header from C:\Windows\System32\ADVAPI32.dll
[0627/231121.073:ERROR:process_memory_win.cc(73)] ReadMemory at 0x7ffef8c50000 of 64 bytes failed: Only part of a ReadProcessMemory or WriteProcessMemory request was completed. (0x12B)
[0627/231121.073:WARNING:pe_image_reader.cc(340)] could not read dos header from C:\Windows\System32\sechost.dll
[0627/231121.073:ERROR:process_memory_win.cc(73)] ReadMemory at 0x7ffef83f0000 of 64 bytes failed: Only part of a ReadProcessMemory or WriteProcessMemory request was completed. (0x12B)
[0627/231121.073:WARNING:pe_image_reader.cc(340)] could not read dos header from C:\Windows\System32\RPCRT4.dll
[0627/231121.073:ERROR:process_memory_win.cc(73)] ReadMemory at 0x7ffeab7f0000 of 64 bytes failed: Only part of a ReadProcessMemory or WriteProcessMemory request was completed. (0x12B)
[0627/231121.073:WARNING:pe_image_reader.cc(340)] could not read dos header from C:\Program Files (x86)\Google\Chrome\Application\83.0.4103.116\chrome.dll
[0627/231121.073:ERROR:process_memory_win.cc(73)] ReadMemory at 0x15d8d160000 of 64 bytes failed: Only part of a ReadProcessMemory or WriteProcessMemory request was completed. (0x12B)
[0627/231121.073:WARNING:pe_image_reader.cc(340)] could not read dos header from C:\Windows\System32\WS2_32.dll
[0627/231121.073:ERROR:process_memory_win.cc(73)] ReadMemory at 0x7ffef8700000 of 64 bytes failed: Only part of a ReadProcessMemory or WriteProcessMemory request was completed. (0x12B)
[0627/231121.073:WARNING:pe_image_reader.cc(340)] could not read dos header from C:\Windows\System32\OLEAUT32.dll
[0627/231121.073:ERROR:process_memory_win.cc(73)] ReadMemory at 0x7ffef7e20000 of 64 bytes failed: Only part of a ReadProcessMemory or WriteProcessMemory request was completed. (0x12B)
[0627/231121.073:WARNING:pe_image_reader.cc(340)] could not read dos header from C:\Windows\System32\msvcp_win.dll
[0627/231121.073:ERROR:process_memory_win.cc(73)] ReadMemory at 0x7ffef7d20000 of 64 bytes failed: Only part of a ReadProcessMemory or WriteProcessMemory request was completed. (0x12B)
[0627/231121.073:WARNING:pe_image_reader.cc(340)] could not read dos header from C:\Windows\System32\ucrtbase.dll
[0627/231121.073:ERROR:process_memory_win.cc(73)] ReadMemory at 0x7ffefad30000 of 64 bytes failed: Only part of a ReadProcessMemory or WriteProcessMemory request was completed. (0x12B)
[0627/231121.073:WARNING:pe_image_reader.cc(340)] could not read dos header from C:\Windows\System32\combase.dll
[0627/231121.073:ERROR:process_memory_win.cc(73)] ReadMemory at 0x7ffef7a70000 of 64 bytes failed: Only part of a ReadProcessMemory or WriteProcessMemory request was completed. (0x12B)
[0627/231121.073:WARNING:pe_image_reader.cc(340)] could not read dos header from C:\Windows\System32\WINTRUST.dll
[0627/231121.073:ERROR:process_memory_win.cc(73)] ReadMemory at 0x7ffef7080000 of 64 bytes failed: Only part of a ReadProcessMemory or WriteProcessMemory request was completed. (0x12B)
[0627/231121.073:WARNING:pe_image_reader.cc(340)] could not read dos header from C:\Windows\System32\MSASN1.dll
[0627/231121.073:ERROR:process_memory_win.cc(73)] ReadMemory at 0x7ffef7ad0000 of 64 bytes failed: Only part of a ReadProcessMemory or WriteProcessMemory request was completed. (0x12B)
[0627/231121.073:WARNING:pe_image_reader.cc(340)] could not read dos header from C:\Windows\System32\CRYPT32.dll
[0627/231121.073:ERROR:process_memory_win.cc(73)] ReadMemory at 0x7ffef6600000 of 64 bytes failed: Only part of a ReadProcessMemory or WriteProcessMemory request was completed. (0x12B)
[0627/231121.073:WARNING:pe_image_reader.cc(340)] could not read dos header from C:\Windows\SYSTEM32\IPHLPAPI.DLL
[0627/231121.073:ERROR:process_memory_win.cc(73)] ReadMemory at 0x7ffef1790000 of 64 bytes failed: Only part of a ReadProcessMemory or WriteProcessMemory request was completed. (0x12B)
[0627/231121.073:WARNING:pe_image_reader.cc(340)] could not read dos header from C:\Windows\SYSTEM32\WINMM.dll
[0627/231121.073:ERROR:process_memory_win.cc(73)] ReadMemory at 0x7ffee9cb0000 of 64 bytes failed: Only part of a ReadProcessMemory or WriteProcessMemory request was completed. (0x12B)
[0627/231121.073:WARNING:pe_image_reader.cc(340)] could not read dos header from C:\Windows\SYSTEM32\Secur32.dll
[0627/231121.073:ERROR:process_memory_win.cc(73)] ReadMemory at 0x7ffef6fb0000 of 64 bytes failed: Only part of a ReadProcessMemory or WriteProcessMemory request was completed. (0x12B)
[0627/231121.073:WARNING:pe_image_reader.cc(340)] could not read dos header from C:\Windows\SYSTEM32\USERENV.dll
[0627/231121.073:ERROR:process_memory_win.cc(73)] ReadMemory at 0x7ffef7120000 of 64 bytes failed: Only part of a ReadProcessMemory or WriteProcessMemory request was completed. (0x12B)
[0627/231121.073:WARNING:pe_image_reader.cc(340)] could not read dos header from C:\Windows\System32\profapi.dll
[0627/231121.073:ERROR:process_memory_win.cc(73)] ReadMemory at 0x7ffed6b30000 of 64 bytes failed: Only part of a ReadProcessMemory or WriteProcessMemory request was completed. (0x12B)
[0627/231121.073:WARNING:pe_image_reader.cc(340)] could not read dos header from C:\Windows\SYSTEM32\UIAutomationCore.DLL
[0627/231121.073:ERROR:process_memory_win.cc(73)] ReadMemory at 0x7ffeded20000 of 64 bytes failed: Only part of a ReadProcessMemory or WriteProcessMemory request was completed. (0x12B)
[0627/231121.073:WARNING:pe_image_reader.cc(340)] could not read dos header from C:\Windows\SYSTEM32\DWrite.dll
[0627/231121.073:ERROR:process_memory_win.cc(73)] ReadMemory at 0x7ffee8c00000 of 64 bytes failed: Only part of a ReadProcessMemory or WriteProcessMemory request was completed. (0x12B)
[0627/231121.073:WARNING:pe_image_reader.cc(340)] could not read dos header from C:\Windows\SYSTEM32\WINSPOOL.DRV
[0627/231121.073:ERROR:process_memory_win.cc(73)] ReadMemory at 0x7ffef70a0000 of 64 bytes failed: Only part of a ReadProcessMemory or WriteProcessMemory request was completed. (0x12B)
[0627/231121.073:WARNING:pe_image_reader.cc(340)] could not read dos header from C:\Windows\System32\kernel.appcore.dll
[0627/231121.073:ERROR:process_memory_win.cc(73)] ReadMemory at 0x7ffef7a40000 of 64 bytes failed: Only part of a ReadProcessMemory or WriteProcessMemory request was completed. (0x12B)
[0627/231121.073:WARNING:pe_image_reader.cc(340)] could not read dos header from C:\Windows\System32\bcrypt.dll
[0627/231121.073:ERROR:process_memory_win.cc(73)] ReadMemory at 0x7ffee1f40000 of 64 bytes failed: Only part of a ReadProcessMemory or WriteProcessMemory request was completed. (0x12B)
[0627/231121.073:WARNING:pe_image_reader.cc(340)] could not read dos header from C:\Windows\SYSTEM32\dbghelp.dll
[0627/231121.073:ERROR:process_memory_win.cc(73)] ReadMemory at 0x7ffef0580000 of 64 bytes failed: Only part of a ReadProcessMemory or WriteProcessMemory request was completed. (0x12B)
[0627/231121.073:WARNING:pe_image_reader.cc(340)] could not read dos header from C:\Windows\SYSTEM32\WINHTTP.dll
[0627/231121.073:ERROR:process_memory_win.cc(73)] ReadMemory at 0x7ffef2670000 of 64 bytes failed: Only part of a ReadProcessMemory or WriteProcessMemory request was completed. (0x12B)
[0627/231121.073:WARNING:pe_image_reader.cc(340)] could not read dos header from C:\Windows\SYSTEM32\dhcpcsvc.DLL
[0627/231121.073:ERROR:process_memory_win.cc(73)] ReadMemory at 0x7ffefa3f0000 of 64 bytes failed: Only part of a ReadProcessMemory or WriteProcessMemory request was completed. (0x12B)
[0627/231121.073:WARNING:pe_image_reader.cc(340)] could not read dos header from C:\Windows\System32\NSI.dll
[0627/231121.073:ERROR:process_memory_win.cc(73)] ReadMemory at 0x7ffef1760000 of 64 bytes failed: Only part of a ReadProcessMemory or WriteProcessMemory request was completed. (0x12B)
[0627/231121.073:WARNING:pe_image_reader.cc(340)] could not read dos header from C:\Windows\SYSTEM32\WINMMBASE.dll
[0627/231121.073:ERROR:process_memory_win.cc(73)] ReadMemory at 0x7ffef7cb0000 of 64 bytes failed: Only part of a ReadProcessMemory or WriteProcessMemory request was completed. (0x12B)
[0627/231121.073:WARNING:pe_image_reader.cc(340)] could not read dos header from C:\Windows\System32\cfgmgr32.dll
[0627/231121.073:ERROR:process_memory_win.cc(73)] ReadMemory at 0x7ffee4da0000 of 64 bytes failed: Only part of a ReadProcessMemory or WriteProcessMemory request was completed. (0x12B)
[0627/231121.073:WARNING:pe_image_reader.cc(340)] could not read dos header from C:\Windows\SYSTEM32\Bcp47Langs.dll
[0627/231121.073:ERROR:process_memory_win.cc(73)] ReadMemory at 0x7ffef3230000 of 64 bytes failed: Only part of a ReadProcessMemory or WriteProcessMemory request was completed. (0x12B)
[0627/231121.073:WARNING:pe_image_reader.cc(340)] could not read dos header from C:\Windows\SYSTEM32\PROPSYS.dll
[0627/231121.073:ERROR:process_memory_win.cc(73)] ReadMemory at 0x7ffef8520000 of 64 bytes failed: Only part of a ReadProcessMemory or WriteProcessMemory request was completed. (0x12B)
[0627/231121.073:WARNING:pe_image_reader.cc(340)] could not read dos header from C:\Windows\System32\shcore.dll
[0627/231121.073:ERROR:process_memory_win.cc(73)] ReadMemory at 0x7ffef6f70000 of 64 bytes failed: Only part of a ReadProcessMemory or WriteProcessMemory request was completed. (0x12B)
[0627/231121.073:WARNING:pe_image_reader.cc(340)] could not read dos header from C:\Windows\SYSTEM32\SSPICLI.DLL
[0627/231121.073:ERROR:process_memory_win.cc(73)] ReadMemory at 0x7ffef6ab0000 of 64 bytes failed: Only part of a ReadProcessMemory or WriteProcessMemory request was completed. (0x12B)
[0627/231121.073:WARNING:pe_image_reader.cc(340)] could not read dos header from C:\Windows\SYSTEM32\CRYPTBASE.DLL
[0627/231121.073:ERROR:process_memory_win.cc(73)] ReadMemory at 0x7ff7e0280000 of 64 bytes failed: Only part of a ReadProcessMemory or WriteProcessMemory request was completed. (0x12B)
[0627/231121.073:WARNING:pe_image_reader.cc(340)] could not read dos header from C:\Program Files (x86)\Google\Chrome\Application\chrome.exe
[0627/231121.073:ERROR:process_memory_win.cc(73)] ReadMemory at 0x7ffefb0c0000 of 64 bytes failed: Only part of a ReadProcessMemory or WriteProcessMemory request was completed. (0x12B)
[0627/231121.073:WARNING:pe_image_reader.cc(340)] could not read dos header from C:\Windows\SYSTEM32\ntdll.dll
[0627/231121.073:ERROR:process_memory_win.cc(73)] ReadMemory at 0x7ffefa9d0000 of 64 bytes failed: Only part of a ReadProcessMemory or WriteProcessMemory request was completed. (0x12B)
[0627/231121.073:WARNING:pe_image_reader.cc(340)] could not read dos header from C:\Windows\System32\KERNEL32.DLL
[0627/231121.073:ERROR:process_memory_win.cc(73)] ReadMemory at 0x7ffef7f90000 of 64 bytes failed: Only part of a ReadProcessMemory or WriteProcessMemory request was completed. (0x12B)
[0627/231121.073:WARNING:pe_image_reader.cc(340)] could not read dos header from C:\Windows\System32\KERNELBASE.dll
[0627/231121.073:ERROR:process_memory_win.cc(73)] ReadMemory at 0x7ffebe540000 of 64 bytes failed: Only part of a ReadProcessMemory or WriteProcessMemory request was completed. (0x12B)
[0627/231121.073:WARNING:pe_image_reader.cc(340)] could not read dos header from C:\Program Files (x86)\Google\Chrome\Application\83.0.4103.116\chrome_elf.dll
[0627/231121.073:ERROR:process_memory_win.cc(73)] ReadMemory at 0x7ffef3a30000 of 64 bytes failed: Only part of a ReadProcessMemory or WriteProcessMemory request was completed. (0x12B)
[0627/231121.073:WARNING:pe_image_reader.cc(340)] could not read dos header from C:\Windows\SYSTEM32\VERSION.dll
[0627/231121.073:ERROR:process_memory_win.cc(73)] ReadMemory at 0x7ffefab00000 of 64 bytes failed: Only part of a ReadProcessMemory or WriteProcessMemory request was completed. (0x12B)
[0627/231121.073:WARNING:pe_image_reader.cc(340)] could not read dos header from C:\Windows\System32\msvcrt.dll
[0627/231121.073:ERROR:process_memory_win.cc(73)] ReadMemory at 0x7ffef8230000 of 64 bytes failed: Only part of a ReadProcessMemory or WriteProcessMemory request was completed. (0x12B)
[0627/231121.073:WARNING:pe_image_reader.cc(340)] could not read dos header from C:\Windows\System32\bcryptPrimitives.dll
[0627/231121.073:ERROR:process_memory_win.cc(73)] ReadMemory at 0x7ffef8980000 of 64 bytes failed: Only part of a ReadProcessMemory or WriteProcessMemory request was completed. (0x12B)
[0627/231121.073:WARNING:pe_image_reader.cc(340)] could not read dos header from C:\Windows\System32\ADVAPI32.dll
[0627/231121.073:ERROR:process_memory_win.cc(73)] ReadMemory at 0x7ffef8c50000 of 64 bytes failed: Only part of a ReadProcessMemory or WriteProcessMemory request was completed. (0x12B)
[0627/231121.073:WARNING:pe_image_reader.cc(340)] could not read dos header from C:\Windows\System32\sechost.dll
[0627/231121.073:ERROR:process_memory_win.cc(73)] ReadMemory at 0x7ffef83f0000 of 64 bytes failed: Only part of a ReadProcessMemory or WriteProcessMemory request was completed. (0x12B)
[0627/231121.073:WARNING:pe_image_reader.cc(340)] could not read dos header from C:\Windows\System32\RPCRT4.dll
[0627/231121.073:ERROR:process_memory_win.cc(73)] ReadMemory at 0x7ffeab7f0000 of 64 bytes failed: Only part of a ReadProcessMemory or WriteProcessMemory request was completed. (0x12B)
[0627/231121.073:WARNING:pe_image_reader.cc(340)] could not read dos header from C:\Program Files (x86)\Google\Chrome\Application\83.0.4103.116\chrome.dll
[0627/231121.073:ERROR:process_memory_win.cc(73)] ReadMemory at 0x15d8d160000 of 64 bytes failed: Only part of a ReadProcessMemory or WriteProcessMemory request was completed. (0x12B)
[0627/231121.073:WARNING:pe_image_reader.cc(340)] could not read dos header from C:\Windows\System32\WS2_32.dll
[0627/231121.073:ERROR:process_memory_win.cc(73)] ReadMemory at 0x7ffef8700000 of 64 bytes failed: Only part of a ReadProcessMemory or WriteProcessMemory request was completed. (0x12B)
[0627/231121.073:WARNING:pe_image_reader.cc(340)] could not read dos header from C:\Windows\System32\OLEAUT32.dll
[0627/231121.073:ERROR:process_memory_win.cc(73)] ReadMemory at 0x7ffef7e20000 of 64 bytes failed: Only part of a ReadProcessMemory or WriteProcessMemory request was completed. (0x12B)
[0627/231121.073:WARNING:pe_image_reader.cc(340)] could not read dos header from C:\Windows\System32\msvcp_win.dll
[0627/231121.073:ERROR:process_memory_win.cc(73)] ReadMemory at 0x7ffef7d20000 of 64 bytes failed: Only part of a ReadProcessMemory or WriteProcessMemory request was completed. (0x12B)
[0627/231121.073:WARNING:pe_image_reader.cc(340)] could not read dos header from C:\Windows\System32\ucrtbase.dll
[0627/231121.073:ERROR:process_memory_win.cc(73)] ReadMemory at 0x7ffefad30000 of 64 bytes failed: Only part of a ReadProcessMemory or WriteProcessMemory request was completed. (0x12B)
[0627/231121.073:WARNING:pe_image_reader.cc(340)] could not read dos header from C:\Windows\System32\combase.dll
[0627/231121.073:ERROR:process_memory_win.cc(73)] ReadMemory at 0x7ffef7a70000 of 64 bytes failed: Only part of a ReadProcessMemory or WriteProcessMemory request was completed. (0x12B)
[0627/231121.073:WARNING:pe_image_reader.cc(340)] could not read dos header from C:\Windows\System32\WINTRUST.dll
[0627/231121.073:ERROR:process_memory_win.cc(73)] ReadMemory at 0x7ffef7080000 of 64 bytes failed: Only part of a ReadProcessMemory or WriteProcessMemory request was completed. (0x12B)
[0627/231121.073:WARNING:pe_image_reader.cc(340)] could not read dos header from C:\Windows\System32\MSASN1.dll
[0627/231121.073:ERROR:process_memory_win.cc(73)] ReadMemory at 0x7ffef7ad0000 of 64 bytes failed: Only part of a ReadProcessMemory or WriteProcessMemory request was completed. (0x12B)
[0627/231121.073:WARNING:pe_image_reader.cc(340)] could not read dos header from C:\Windows\System32\CRYPT32.dll
[0627/231121.073:ERROR:process_memory_win.cc(73)] ReadMemory at 0x7ffef6600000 of 64 bytes failed: Only part of a ReadProcessMemory or WriteProcessMemory request was completed. (0x12B)
[0627/231121.073:WARNING:pe_image_reader.cc(340)] could not read dos header from C:\Windows\SYSTEM32\IPHLPAPI.DLL
[0627/231121.073:ERROR:process_memory_win.cc(73)] ReadMemory at 0x7ffef1790000 of 64 bytes failed: Only part of a ReadProcessMemory or WriteProcessMemory request was completed. (0x12B)
[0627/231121.073:WARNING:pe_image_reader.cc(340)] could not read dos header from C:\Windows\SYSTEM32\WINMM.dll
[0627/231121.073:ERROR:process_memory_win.cc(73)] ReadMemory at 0x7ffee9cb0000 of 64 bytes failed: Only part of a ReadProcessMemory or WriteProcessMemory request was completed. (0x12B)
[0627/231121.073:WARNING:pe_image_reader.cc(340)] could not read dos header from C:\Windows\SYSTEM32\Secur32.dll
[0627/231121.073:ERROR:process_memory_win.cc(73)] ReadMemory at 0x7ffef6fb0000 of 64 bytes failed: Only part of a ReadProcessMemory or WriteProcessMemory request was completed. (0x12B)
[0627/231121.073:WARNING:pe_image_reader.cc(340)] could not read dos header from C:\Windows\SYSTEM32\USERENV.dll
[0627/231121.073:ERROR:process_memory_win.cc(73)] ReadMemory at 0x7ffef7120000 of 64 bytes failed: Only part of a ReadProcessMemory or WriteProcessMemory request was completed. (0x12B)
[0627/231121.073:WARNING:pe_image_reader.cc(340)] could not read dos header from C:\Windows\System32\profapi.dll
[0627/231121.073:ERROR:process_memory_win.cc(73)] ReadMemory at 0x7ffed6b30000 of 64 bytes failed: Only part of a ReadProcessMemory or WriteProcessMemory request was completed. (0x12B)
[0627/231121.073:WARNING:pe_image_reader.cc(340)] could not read dos header from C:\Windows\SYSTEM32\UIAutomationCore.DLL
[0627/231121.073:ERROR:process_memory_win.cc(73)] ReadMemory at 0x7ffeded20000 of 64 bytes failed: Only part of a ReadProcessMemory or WriteProcessMemory request was completed. (0x12B)
[0627/231121.073:WARNING:pe_image_reader.cc(340)] could not read dos header from C:\Windows\SYSTEM32\DWrite.dll
[0627/231121.073:ERROR:process_memory_win.cc(73)] ReadMemory at 0x7ffee8c00000 of 64 bytes failed: Only part of a ReadProcessMemory or WriteProcessMemory request was completed. (0x12B)
[0627/231121.073:WARNING:pe_image_reader.cc(340)] could not read dos header from C:\Windows\SYSTEM32\WINSPOOL.DRV
[0627/231121.073:ERROR:process_memory_win.cc(73)] ReadMemory at 0x7ffef70a0000 of 64 bytes failed: Only part of a ReadProcessMemory or WriteProcessMemory request was completed. (0x12B)
[0627/231121.073:WARNING:pe_image_reader.cc(340)] could not read dos header from C:\Windows\System32\kernel.appcore.dll
[0627/231121.073:ERROR:process_memory_win.cc(73)] ReadMemory at 0x7ffef7a40000 of 64 bytes failed: Only part of a ReadProcessMemory or WriteProcessMemory request was completed. (0x12B)
[0627/231121.073:WARNING:pe_image_reader.cc(340)] could not read dos header from C:\Windows\System32\bcrypt.dll
[0627/231121.073:ERROR:process_memory_win.cc(73)] ReadMemory at 0x7ffee1f40000 of 64 bytes failed: Only part of a ReadProcessMemory or WriteProcessMemory request was completed. (0x12B)
[0627/231121.073:WARNING:pe_image_reader.cc(340)] could not read dos header from C:\Windows\SYSTEM32\dbghelp.dll
[0627/231121.073:ERROR:process_memory_win.cc(73)] ReadMemory at 0x7ffef0580000 of 64 bytes failed: Only part of a ReadProcessMemory or WriteProcessMemory request was completed. (0x12B)
[0627/231121.073:WARNING:pe_image_reader.cc(340)] could not read dos header from C:\Windows\SYSTEM32\WINHTTP.dll
[0627/231121.073:ERROR:process_memory_win.cc(73)] ReadMemory at 0x7ffef2670000 of 64 bytes failed: Only part of a ReadProcessMemory or WriteProcessMemory request was completed. (0x12B)
[0627/231121.073:WARNING:pe_image_reader.cc(340)] could not read dos header from C:\Windows\SYSTEM32\dhcpcsvc.DLL
[0627/231121.073:ERROR:process_memory_win.cc(73)] ReadMemory at 0x7ffefa3f0000 of 64 bytes failed: Only part of a ReadProcessMemory or WriteProcessMemory request was completed. (0x12B)
[0627/231121.073:WARNING:pe_image_reader.cc(340)] could not read dos header from C:\Windows\System32\NSI.dll
[0627/231121.073:ERROR:process_memory_win.cc(73)] ReadMemory at 0x7ffef1760000 of 64 bytes failed: Only part of a ReadProcessMemory or WriteProcessMemory request was completed. (0x12B)
[0627/231121.073:WARNING:pe_image_reader.cc(340)] could not read dos header from C:\Windows\SYSTEM32\WINMMBASE.dll
[0627/231121.073:ERROR:process_memory_win.cc(73)] ReadMemory at 0x7ffef7cb0000 of 64 bytes failed: Only part of a ReadProcessMemory or WriteProcessMemory request was completed. (0x12B)
[0627/231121.073:WARNING:pe_image_reader.cc(340)] could not read dos header from C:\Windows\System32\cfgmgr32.dll
[0627/231121.073:ERROR:process_memory_win.cc(73)] ReadMemory at 0x7ffee4da0000 of 64 bytes failed: Only part of a ReadProcessMemory or WriteProcessMemory request was completed. (0x12B)
[0627/231121.073:WARNING:pe_image_reader.cc(340)] could not read dos header from C:\Windows\SYSTEM32\Bcp47Langs.dll
[0627/231121.073:ERROR:process_memory_win.cc(73)] ReadMemory at 0x7ffef3230000 of 64 bytes failed: Only part of a ReadProcessMemory or WriteProcessMemory request was completed. (0x12B)
[0627/231121.073:WARNING:pe_image_reader.cc(340)] could not read dos header from C:\Windows\SYSTEM32\PROPSYS.dll
[0627/231121.073:ERROR:process_memory_win.cc(73)] ReadMemory at 0x7ffef8520000 of 64 bytes failed: Only part of a ReadProcessMemory or WriteProcessMemory request was completed. (0x12B)
[0627/231121.073:WARNING:pe_image_reader.cc(340)] could not read dos header from C:\Windows\System32\shcore.dll
[0627/231121.073:ERROR:process_memory_win.cc(73)] ReadMemory at 0x7ffef6f70000 of 64 bytes failed: Only part of a ReadProcessMemory or WriteProcessMemory request was completed. (0x12B)
[0627/231121.073:WARNING:pe_image_reader.cc(340)] could not read dos header from C:\Windows\SYSTEM32\SSPICLI.DLL
[0627/231121.073:ERROR:process_memory_win.cc(73)] ReadMemory at 0x7ffef6ab0000 of 64 bytes failed: Only part of a ReadProcessMemory or WriteProcessMemory request was completed. (0x12B)
[0627/231121.073:WARNING:pe_image_reader.cc(340)] could not read dos header from C:\Windows\SYSTEM32\CRYPTBASE.DLL
[0627/231121.089:ERROR:process_memory_win.cc(73)] ReadMemory at 0x8c8bf3000 of 53248 bytes failed: Only part of a ReadProcessMemory or WriteProcessMemory request was completed. (0x12B)
[0627/231121.089:ERROR:process_memory_win.cc(73)] ReadMemory at 0x8c93fd000 of 12288 bytes failed: Only part of a ReadProcessMemory or WriteProcessMemory request was completed. (0x12B)
[0627/231121.089:ERROR:process_memory_win.cc(73)] ReadMemory at 0x8c9bf8000 of 32768 bytes failed: Only part of a ReadProcessMemory or WriteProcessMemory request was completed. (0x12B)
[0627/231121.089:ERROR:process_memory_win.cc(73)] ReadMemory at 0x8ca3fd000 of 12288 bytes failed: Only part of a ReadProcessMemory or WriteProcessMemory request was completed. (0x12B)
[0627/231121.089:ERROR:process_memory_win.cc(73)] ReadMemory at 0x8cabfc000 of 16384 bytes failed: Only part of a ReadProcessMemory or WriteProcessMemory request was completed. (0x12B)
[0627/231121.089:ERROR:process_memory_win.cc(73)] ReadMemory at 0x8cb3ff000 of 4096 bytes failed: Only part of a ReadProcessMemory or WriteProcessMemory request was completed. (0x12B)
[0627/231121.089:ERROR:process_memory_win.cc(73)] ReadMemory at 0x8cbbfd000 of 12288 bytes failed: Only part of a ReadProcessMemory or WriteProcessMemory request was completed. (0x12B)
[0627/231121.089:ERROR:process_memory_win.cc(73)] ReadMemory at 0x8cc3fb000 of 20480 bytes failed: Only part of a ReadProcessMemory or WriteProcessMemory request was completed. (0x12B)
[0627/231121.089:ERROR:process_memory_win.cc(73)] ReadMemory at 0x8cd3fd000 of 12288 bytes failed: Only part of a ReadProcessMemory or WriteProcessMemory request was completed. (0x12B)
[0627/231121.089:ERROR:process_memory_win.cc(73)] ReadMemory at 0x8cdbfd000 of 12288 bytes failed: Only part of a ReadProcessMemory or WriteProcessMemory request was completed. (0x12B)
[0627/231121.089:ERROR:process_memory_win.cc(73)] ReadMemory at 0x8ce3fd000 of 12288 bytes failed: Only part of a ReadProcessMemory or WriteProcessMemory request was completed. (0x12B)
[0627/231121.089:ERROR:process_memory_win.cc(73)] ReadMemory at 0x8cebfd000 of 12288 bytes failed: Only part of a ReadProcessMemory or WriteProcessMemory request was completed. (0x12B)
[0627/231121.089:ERROR:process_memory_win.cc(73)] ReadMemory at 0x8cf3fd000 of 12288 bytes failed: Only part of a ReadProcessMemory or WriteProcessMemory request was completed. (0x12B)
[0627/231121.089:ERROR:process_memory_win.cc(73)] ReadMemory at 0x8cfbfd000 of 12288 bytes failed: Only part of a ReadProcessMemory or WriteProcessMemory request was completed. (0x12B)
[0627/231121.089:ERROR:process_memory_win.cc(73)] ReadMemory at 0x8d03fd000 of 12288 bytes failed: Only part of a ReadProcessMemory or WriteProcessMemory request was completed. (0x12B)
[0627/231121.089:ERROR:process_memory_win.cc(73)] ReadMemory at 0x8d0bfd000 of 12288 bytes failed: Only part of a ReadProcessMemory or WriteProcessMemory request was completed. (0x12B)
[0627/231121.089:ERROR:process_memory_win.cc(73)] ReadMemory at 0x8d13fd000 of 12288 bytes failed: Only part of a ReadProcessMemory or WriteProcessMemory request was completed. (0x12B)
[0627/231121.089:ERROR:process_memory_win.cc(73)] ReadMemory at 0x8c83a6000 of 852 bytes failed: Only part of a ReadProcessMemory or WriteProcessMemory request was completed. (0x12B)
[0627/231121.089:ERROR:process_memory_win.cc(73)] ReadMemory at 0x8c83a7000 of 6024 bytes failed: Only part of a ReadProcessMemory or WriteProcessMemory request was completed. (0x12B)
[0627/231121.089:ERROR:process_memory_win.cc(73)] ReadMemory at 0x8c83a9000 of 6024 bytes failed: Only part of a ReadProcessMemory or WriteProcessMemory request was completed. (0x12B)
[0627/231121.089:ERROR:process_memory_win.cc(73)] ReadMemory at 0x8c83ab000 of 6024 bytes failed: Only part of a ReadProcessMemory or WriteProcessMemory request was completed. (0x12B)
[0627/231121.089:ERROR:process_memory_win.cc(73)] ReadMemory at 0x8c83ad000 of 6024 bytes failed: Only part of a ReadProcessMemory or WriteProcessMemory request was completed. (0x12B)
[0627/231121.089:ERROR:process_memory_win.cc(73)] ReadMemory at 0x8c83af000 of 6024 bytes failed: Only part of a ReadProcessMemory or WriteProcessMemory request was completed. (0x12B)
[0627/231121.089:ERROR:process_memory_win.cc(73)] ReadMemory at 0x8c83b1000 of 6024 bytes failed: Only part of a ReadProcessMemory or WriteProcessMemory request was completed. (0x12B)
[0627/231121.089:ERROR:process_memory_win.cc(73)] ReadMemory at 0x8c83b3000 of 6024 bytes failed: Only part of a ReadProcessMemory or WriteProcessMemory request was completed. (0x12B)
[0627/231121.089:ERROR:process_memory_win.cc(73)] ReadMemory at 0x8c83b5000 of 6024 bytes failed: Only part of a ReadProcessMemory or WriteProcessMemory request was completed. (0x12B)
[0627/231121.089:ERROR:process_memory_win.cc(73)] ReadMemory at 0x8c83b9000 of 6024 bytes failed: Only part of a ReadProcessMemory or WriteProcessMemory request was completed. (0x12B)
[0627/231121.089:ERROR:process_memory_win.cc(73)] ReadMemory at 0x8c83bb000 of 6024 bytes failed: Only part of a ReadProcessMemory or WriteProcessMemory request was completed. (0x12B)
[0627/231121.089:ERROR:process_memory_win.cc(73)] ReadMemory at 0x8c83bd000 of 6024 bytes failed: Only part of a ReadProcessMemory or WriteProcessMemory request was completed. (0x12B)
[0627/231121.089:ERROR:process_memory_win.cc(73)] ReadMemory at 0x8c83bf000 of 6024 bytes failed: Only part of a ReadProcessMemory or WriteProcessMemory request was completed. (0x12B)
[0627/231121.089:ERROR:process_memory_win.cc(73)] ReadMemory at 0x8c83c1000 of 6024 bytes failed: Only part of a ReadProcessMemory or WriteProcessMemory request was completed. (0x12B)
[0627/231121.089:ERROR:process_memory_win.cc(73)] ReadMemory at 0x8c83c3000 of 6024 bytes failed: Only part of a ReadProcessMemory or WriteProcessMemory request was completed. (0x12B)
[0627/231121.089:ERROR:process_memory_win.cc(73)] ReadMemory at 0x8c83c5000 of 6024 bytes failed: Only part of a ReadProcessMemory or WriteProcessMemory request was completed. (0x12B)
[0627/231121.089:ERROR:process_memory_win.cc(73)] ReadMemory at 0x8c83c7000 of 6024 bytes failed: Only part of a ReadProcessMemory or WriteProcessMemory request was completed. (0x12B)
[0627/231121.089:ERROR:process_memory_win.cc(73)] ReadMemory at 0x8c83c9000 of 6024 bytes failed: Only part of a ReadProcessMemory or WriteProcessMemory request was completed. (0x12B)
[0627/231121.089:ERROR:process_memory_win.cc(73)] ReadMemory at 0x15d8cdf0fe0 of 4508 bytes failed: Only part of a ReadProcessMemory or WriteProcessMemory request was completed. (0x12B)
[0627/231121.089:ERROR:process_memory_win.cc(73)] ReadMemory at 0x15d8cdf2190 of 1012 bytes failed: Only part of a ReadProcessMemory or WriteProcessMemory request was completed. (0x12B)
[0627/231121.089:ERROR:process_memory_win.cc(73)] ReadMemory at 0x15d8cdf27b8 of 118 bytes failed: Only part of a ReadProcessMemory or WriteProcessMemory request was completed. (0x12B)
[0627/231121.089:ERROR:process_memory_win.cc(73)] ReadMemory at 0x15d8cdf2830 of 854 bytes failed: Only part of a ReadProcessMemory or WriteProcessMemory request was completed. (0x12B)
[0627/231121.089:ERROR:process_memory_win.cc(73)] ReadMemory at 0x15d8cdf2b88 of 118 bytes failed: Only part of a ReadProcessMemory or WriteProcessMemory request was completed. (0x12B)
[0627/231121.089:ERROR:process_memory_win.cc(73)] ReadMemory at 0x15d8cdf2c00 of 100 bytes failed: Only part of a ReadProcessMemory or WriteProcessMemory request was completed. (0x12B)
[0627/231121.089:ERROR:process_memory_win.cc(73)] ReadMemory at 0x15d8cdf2c70 of 58 bytes failed: Only part of a ReadProcessMemory or WriteProcessMemory request was completed. (0x12B)
[0627/231121.089:ERROR:process_memory_win.cc(73)] ReadMemory at 0x15d8cdf2d70 of 132 bytes failed: Only part of a ReadProcessMemory or WriteProcessMemory request was completed. (0x12B)
[0627/231121.089:ERROR:process_memory_win.cc(73)] ReadMemory at 0x15d8cdf2f00 of 132 bytes failed: Only part of a ReadProcessMemory or WriteProcessMemory request was completed. (0x12B)
[0627/231121.089:ERROR:process_memory_win.cc(73)] ReadMemory at 0x15d8cdf30c0 of 126 bytes failed: Only part of a ReadProcessMemory or WriteProcessMemory request was completed. (0x12B)
[0627/231121.089:ERROR:process_memory_win.cc(73)] ReadMemory at 0x15d8cdf34a0 of 132 bytes failed: Only part of a ReadProcessMemory or WriteProcessMemory request was completed. (0x12B)
[0627/231121.089:ERROR:process_memory_win.cc(73)] ReadMemory at 0x15d8cdf3630 of 64 bytes failed: Only part of a ReadProcessMemory or WriteProcessMemory request was completed. (0x12B)
[0627/231121.089:ERROR:process_memory_win.cc(73)] ReadMemory at 0x15d8cdf3680 of 132 bytes failed: Only part of a ReadProcessMemory or WriteProcessMemory request was completed. (0x12B)
[0627/231121.089:ERROR:process_memory_win.cc(73)] ReadMemory at 0x15d8cdf37f0 of 132 bytes failed: Only part of a ReadProcessMemory or WriteProcessMemory request was completed. (0x12B)
[0627/231121.089:ERROR:process_memory_win.cc(73)] ReadMemory at 0x15d8cdf3a90 of 132 bytes failed: Only part of a ReadProcessMemory or WriteProcessMemory request was completed. (0x12B)
[0627/231121.089:ERROR:process_memory_win.cc(73)] ReadMemory at 0x15d8cdf3c20 of 68 bytes failed: Only part of a ReadProcessMemory or WriteProcessMemory request was completed. (0x12B)
[0627/231121.089:ERROR:process_memory_win.cc(73)] ReadMemory at 0x15d8cdf4b30 of 146 bytes failed: Only part of a ReadProcessMemory or WriteProcessMemory request was completed. (0x12B)
[0627/231121.089:ERROR:process_memory_win.cc(73)] ReadMemory at 0x15d8cdf4c10 of 132 bytes failed: Only part of a ReadProcessMemory or WriteProcessMemory request was completed. (0x12B)
[0627/231121.089:ERROR:process_memory_win.cc(73)] ReadMemory at 0x15d8cdf4da0 of 154 bytes failed: Only part of a ReadProcessMemory or WriteProcessMemory request was completed. (0x12B)
[0627/231121.089:ERROR:process_memory_win.cc(73)] ReadMemory at 0x15d8cdf5c60 of 62 bytes failed: Only part of a ReadProcessMemory or WriteProcessMemory request was completed. (0x12B)
[0627/231121.089:ERROR:process_memory_win.cc(73)] ReadMemory at 0x15d8cdf5d90 of 132 bytes failed: Only part of a ReadProcessMemory or WriteProcessMemory request was completed. (0x12B)
[0627/231121.089:ERROR:process_memory_win.cc(73)] ReadMemory at 0x15d8cdf5f20 of 60 bytes failed: Only part of a ReadProcessMemory or WriteProcessMemory request was completed. (0x12B)
[0627/231121.089:ERROR:process_memory_win.cc(73)] ReadMemory at 0x15d8cdf737c of 512 bytes failed: Only part of a ReadProcessMemory or WriteProcessMemory request was completed. (0x12B)
[0627/231121.089:ERROR:process_memory_win.cc(73)] ReadMemory at 0x15d8cdf8080 of 132 bytes failed: Only part of a ReadProcessMemory or WriteProcessMemory request was completed. (0x12B)
[0627/231121.089:ERROR:process_memory_win.cc(73)] ReadMemory at 0x15d8cdfa7f0 of 132 bytes failed: Only part of a ReadProcessMemory or WriteProcessMemory request was completed. (0x12B)
[0627/231121.089:ERROR:process_memory_win.cc(73)] ReadMemory at 0x15d8cdfab50 of 132 bytes failed: Only part of a ReadProcessMemory or WriteProcessMemory request was completed. (0x12B)
[0627/231121.089:ERROR:process_memory_win.cc(73)] ReadMemory at 0x15d8cdfae60 of 64 bytes failed: Only part of a ReadProcessMemory or WriteProcessMemory request was completed. (0x12B)
[0627/231121.089:ERROR:process_memory_win.cc(73)] ReadMemory at 0x15d8cdfaeb0 of 62 bytes failed: Only part of a ReadProcessMemory or WriteProcessMemory request was completed. (0x12B)
[0627/231121.089:ERROR:process_memory_win.cc(73)] ReadMemory at 0x15d8cdfaf00 of 64 bytes failed: Only part of a ReadProcessMemory or WriteProcessMemory request was completed. (0x12B)
[0627/231121.089:ERROR:process_memory_win.cc(73)] ReadMemory at 0x15d8cdfaf50 of 64 bytes failed: Only part of a ReadProcessMemory or WriteProcessMemory request was completed. (0x12B)
[0627/231121.089:ERROR:process_memory_win.cc(73)] ReadMemory at 0x15d8cdfb040 of 60 bytes failed: Only part of a ReadProcessMemory or WriteProcessMemory request was completed. (0x12B)
[0627/231121.089:ERROR:process_memory_win.cc(73)] ReadMemory at 0x15d8cdfb1d0 of 60 bytes failed: Only part of a ReadProcessMemory or WriteProcessMemory request was completed. (0x12B)
[0627/231121.089:ERROR:process_memory_win.cc(73)] ReadMemory at 0x15d8cdfb220 of 62 bytes failed: Only part of a ReadProcessMemory or WriteProcessMemory request was completed. (0x12B)
[0627/231121.089:ERROR:process_memory_win.cc(73)] ReadMemory at 0x15d8cdfb540 of 66 bytes failed: Only part of a ReadProcessMemory or WriteProcessMemory request was completed. (0x12B)
[0627/231121.089:ERROR:process_memory_win.cc(73)] ReadMemory at 0x15d8cdfb590 of 64 bytes failed: Only part of a ReadProcessMemory or WriteProcessMemory request was completed. (0x12B)
[0627/231121.089:ERROR:process_memory_win.cc(73)] ReadMemory at 0x15d8cdfba20 of 132 bytes failed: Only part of a ReadProcessMemory or WriteProcessMemory request was completed. (0x12B)
[0627/231121.089:ERROR:process_memory_win.cc(73)] ReadMemory at 0x15d8cdfbc20 of 132 bytes failed: Only part of a ReadProcessMemory or WriteProcessMemory request was completed. (0x12B)
[0627/231121.089:ERROR:process_memory_win.cc(73)] ReadMemory at 0x15d8cdfbdb0 of 80 bytes failed: Only part of a ReadProcessMemory or WriteProcessMemory request was completed. (0x12B)
[0627/231121.089:ERROR:process_memory_win.cc(73)] ReadMemory at 0x15d8cdfc710 of 132 bytes failed: Only part of a ReadProcessMemory or WriteProcessMemory request was completed. (0x12B)
[0627/231121.089:ERROR:process_memory_win.cc(73)] ReadMemory at 0x15d8cdfc840 of 132 bytes failed: Only part of a ReadProcessMemory or WriteProcessMemory request was completed. (0x12B)
[0627/231121.089:ERROR:process_memory_win.cc(73)] ReadMemory at 0x15d8cdfc970 of 132 bytes failed: Only part of a ReadProcessMemory or WriteProcessMemory request was completed. (0x12B)
[0627/231121.089:ERROR:process_memory_win.cc(73)] ReadMemory at 0x15d8cdfcaa0 of 132 bytes failed: Only part of a ReadProcessMemory or WriteProcessMemory request was completed. (0x12B)
[0627/231121.089:ERROR:process_memory_win.cc(73)] ReadMemory at 0x15d8cdfcbd0 of 132 bytes failed: Only part of a ReadProcessMemory or WriteProcessMemory request was completed. (0x12B)
[0627/231121.089:ERROR:process_memory_win.cc(73)] ReadMemory at 0x15d8cdfce30 of 132 bytes failed: Only part of a ReadProcessMemory or WriteProcessMemory request was completed. (0x12B)
[0627/231121.089:ERROR:process_memory_win.cc(73)] ReadMemory at 0x15d8cdfcf60 of 132 bytes failed: Only part of a ReadProcessMemory or WriteProcessMemory request was completed. (0x12B)
[0627/231121.089:ERROR:process_memory_win.cc(73)] ReadMemory at 0x15d8cdfd090 of 132 bytes failed: Only part of a ReadProcessMemory or WriteProcessMemory request was completed. (0x12B)
[0627/231121.089:ERROR:process_memory_win.cc(73)] ReadMemory at 0x15d8cdfd1c0 of 132 bytes failed: Only part of a ReadProcessMemory or WriteProcessMemory request was completed. (0x12B)
[0627/231121.089:ERROR:process_memory_win.cc(73)] ReadMemory at 0x15d8cdfd2f0 of 132 bytes failed: Only part of a ReadProcessMemory or WriteProcessMemory request was completed. (0x12B)
[0627/231121.089:ERROR:process_memory_win.cc(73)] ReadMemory at 0x15d8cdfd420 of 132 bytes failed: Only part of a ReadProcessMemory or WriteProcessMemory request was completed. (0x12B)
[0627/231121.089:ERROR:process_memory_win.cc(73)] ReadMemory at 0x15d8cdfd550 of 132 bytes failed: Only part of a ReadProcessMemory or WriteProcessMemory request was completed. (0x12B)
[0627/231121.089:ERROR:process_memory_win.cc(73)] ReadMemory at 0x15d8cdff910 of 132 bytes failed: Only part of a ReadProcessMemory or WriteProcessMemory request was completed. (0x12B)
[0627/231121.089:ERROR:process_memory_win.cc(73)] ReadMemory at 0x15d8ce00900 of 132 bytes failed: Only part of a ReadProcessMemory or WriteProcessMemory request was completed. (0x12B)
[0627/231121.089:ERROR:process_memory_win.cc(73)] ReadMemory at 0x15d8ce023b0 of 132 bytes failed: Only part of a ReadProcessMemory or WriteProcessMemory request was completed. (0x12B)
[0627/231121.089:ERROR:process_memory_win.cc(73)] ReadMemory at 0x15d8ce04f10 of 54 bytes failed: Only part of a ReadProcessMemory or WriteProcessMemory request was completed. (0x12B)
[0627/231121.089:ERROR:process_memory_win.cc(73)] ReadMemory at 0x15d8ce05850 of 132 bytes failed: Only part of a ReadProcessMemory or WriteProcessMemory request was completed. (0x12B)
[0627/231121.089:ERROR:process_memory_win.cc(73)] ReadMemory at 0x15d8ce061a0 of 76 bytes failed: Only part of a ReadProcessMemory or WriteProcessMemory request was completed. (0x12B)
[0627/231121.089:ERROR:process_memory_win.cc(73)] ReadMemory at 0x15d8ce069e0 of 80 bytes failed: Only part of a ReadProcessMemory or WriteProcessMemory request was completed. (0x12B)
[0627/231121.089:ERROR:process_memory_win.cc(73)] ReadMemory at 0x15d8ce06fd0 of 62 bytes failed: Only part of a ReadProcessMemory or WriteProcessMemory request was completed. (0x12B)
[0627/231121.089:ERROR:process_memory_win.cc(73)] ReadMemory at 0x15d8ce07020 of 62 bytes failed: Only part of a ReadProcessMemory or WriteProcessMemory request was completed. (0x12B)
[0627/231121.089:ERROR:process_memory_win.cc(73)] ReadMemory at 0x15d8ce07110 of 62 bytes failed: Only part of a ReadProcessMemory or WriteProcessMemory request was completed. (0x12B)
[0627/231121.089:ERROR:process_memory_win.cc(73)] ReadMemory at 0x15d8ce07160 of 60 bytes failed: Only part of a ReadProcessMemory or WriteProcessMemory request was completed. (0x12B)
[0627/231121.089:ERROR:process_memory_win.cc(73)] ReadMemory at 0x15d8ce071b0 of 64 bytes failed: Only part of a ReadProcessMemory or WriteProcessMemory request was completed. (0x12B)
[0627/231121.089:ERROR:process_memory_win.cc(73)] ReadMemory at 0x15d8ce072a0 of 62 bytes failed: Only part of a ReadProcessMemory or WriteProcessMemory request was completed. (0x12B)
[0627/231121.089:ERROR:process_memory_win.cc(73)] ReadMemory at 0x15d8ce07390 of 60 bytes failed: Only part of a ReadProcessMemory or WriteProcessMemory request was completed. (0x12B)
[0627/231121.089:ERROR:process_memory_win.cc(73)] ReadMemory at 0x15d8ce076b0 of 62 bytes failed: Only part of a ReadProcessMemory or WriteProcessMemory request was completed. (0x12B)
[0627/231121.089:ERROR:process_memory_win.cc(73)] ReadMemory at 0x15d8ce077a0 of 62 bytes failed: Only part of a ReadProcessMemory or WriteProcessMemory request was completed. (0x12B)
[0627/231121.089:ERROR:process_memory_win.cc(73)] ReadMemory at 0x15d8ce077f0 of 60 bytes failed: Only part of a ReadProcessMemory or WriteProcessMemory request was completed. (0x12B)
[0627/231121.089:ERROR:process_memory_win.cc(73)] ReadMemory at 0x15d8ce07890 of 62 bytes failed: Only part of a ReadProcessMemory or WriteProcessMemory request was completed. (0x12B)
[0627/231121.089:ERROR:process_memory_win.cc(73)] ReadMemory at 0x15d8ce07a70 of 68 bytes failed: Only part of a ReadProcessMemory or WriteProcessMemory request was completed. (0x12B)
[0627/231121.089:ERROR:process_memory_win.cc(73)] ReadMemory at 0x15d8ce07b10 of 64 bytes failed: Only part of a ReadProcessMemory or WriteProcessMemory request was completed. (0x12B)
[0627/231121.089:ERROR:process_memory_win.cc(73)] ReadMemory at 0x15d8ce07b60 of 60 bytes failed: Only part of a ReadProcessMemory or WriteProcessMemory request was completed. (0x12B)
[0627/231121.089:ERROR:process_memory_win.cc(73)] ReadMemory at 0x15d8ce07c00 of 64 bytes failed: Only part of a ReadProcessMemory or WriteProcessMemory request was completed. (0x12B)
[0627/231121.089:ERROR:process_memory_win.cc(73)] ReadMemory at 0x15d8ce07c50 of 64 bytes failed: Only part of a ReadProcessMemory or WriteProcessMemory request was completed. (0x12B)
[0627/231121.089:ERROR:process_memory_win.cc(73)] ReadMemory at 0x15d8ce07ca0 of 66 bytes failed: Only part of a ReadProcessMemory or WriteProcessMemory request was completed. (0x12B)
[0627/231121.089:ERROR:process_memory_win.cc(73)] ReadMemory at 0x15d8ce07d90 of 58 bytes failed: Only part of a ReadProcessMemory or WriteProcessMemory request was completed. (0x12B)
[0627/231121.089:ERROR:process_memory_win.cc(73)] ReadMemory at 0x15d8ce07e30 of 62 bytes failed: Only part of a ReadProcessMemory or WriteProcessMemory request was completed. (0x12B)
[0627/231121.089:ERROR:process_memory_win.cc(73)] ReadMemory at 0x15d8ce08370 of 132 bytes failed: Only part of a ReadProcessMemory or WriteProcessMemory request was completed. (0x12B)
[0627/231121.089:ERROR:process_memory_win.cc(73)] ReadMemory at 0x15d8ce08960 of 132 bytes failed: Only part of a ReadProcessMemory or WriteProcessMemory request was completed. (0x12B)
[0627/231121.089:ERROR:process_memory_win.cc(73)] ReadMemory at 0x15d8ce08bc0 of 132 bytes failed: Only part of a ReadProcessMemory or WriteProcessMemory request was completed. (0x12B)
[0627/231121.089:ERROR:process_memory_win.cc(73)] ReadMemory at 0x15d8ce08cf0 of 132 bytes failed: Only part of a ReadProcessMemory or WriteProcessMemory request was completed. (0x12B)
[0627/231121.089:ERROR:process_memory_win.cc(73)] ReadMemory at 0x15d8ce08e20 of 132 bytes failed: Only part of a ReadProcessMemory or WriteProcessMemory request was completed. (0x12B)
[0627/231121.089:ERROR:process_memory_win.cc(73)] ReadMemory at 0x15d8ce09080 of 132 bytes failed: Only part of a ReadProcessMemory or WriteProcessMemory request was completed. (0x12B)
[0627/231121.089:ERROR:process_memory_win.cc(73)] ReadMemory at 0x15d8ce09410 of 132 bytes failed: Only part of a ReadProcessMemory or WriteProcessMemory request was completed. (0x12B)
[0627/231121.089:ERROR:process_memory_win.cc(73)] ReadMemory at 0x15d8ce09540 of 132 bytes failed: Only part of a ReadProcessMemory or WriteProcessMemory request was completed. (0x12B)
[0627/231121.089:ERROR:process_memory_win.cc(73)] ReadMemory at 0x15d8ce09670 of 132 bytes failed: Only part of a ReadProcessMemory or WriteProcessMemory request was completed. (0x12B)
[0627/231121.089:ERROR:process_memory_win.cc(73)] ReadMemory at 0x15d8ce097a0 of 132 bytes failed: Only part of a ReadProcessMemory or WriteProcessMemory request was completed. (0x12B)
[0627/231121.089:ERROR:process_memory_win.cc(73)] ReadMemory at 0x15d8ce09c60 of 132 bytes failed: Only part of a ReadProcessMemory or WriteProcessMemory request was completed. (0x12B)
[0627/231121.089:ERROR:process_memory_win.cc(73)] ReadMemory at 0x15d8ce1fcf0 of 512 bytes failed: Only part of a ReadProcessMemory or WriteProcessMemory request was completed. (0x12B)
[0627/231121.089:ERROR:process_memory_win.cc(73)] ReadMemory at 0x15d8ce20c60 of 512 bytes failed: Only part of a ReadProcessMemory or WriteProcessMemory request was completed. (0x12B)
[0627/231121.089:ERROR:process_memory_win.cc(73)] ReadMemory at 0x15d8ce21f50 of 512 bytes failed: Only part of a ReadProcessMemory or WriteProcessMemory request was completed. (0x12B)
[0627/231121.089:ERROR:process_memory_win.cc(73)] ReadMemory at 0x15d8d2410c0 of 512 bytes failed: Only part of a ReadProcessMemory or WriteProcessMemory request was completed. (0x12B)
[0627/231121.089:ERROR:process_memory_win.cc(73)] ReadMemory at 0x15d8d6653f8 of 512 bytes failed: Only part of a ReadProcessMemory or WriteProcessMemory request was completed. (0x12B)
[0627/231121.089:ERROR:process_memory_win.cc(73)] ReadMemory at 0x15d8d67a410 of 512 bytes failed: Only part of a ReadProcessMemory or WriteProcessMemory request was completed. (0x12B)
[0627/231121.089:ERROR:process_memory_win.cc(73)] ReadMemory at 0x15d8d680d70 of 512 bytes failed: Only part of a ReadProcessMemory or WriteProcessMemory request was completed. (0x12B)
[0627/231121.089:ERROR:process_memory_win.cc(73)] ReadMemory at 0x15d8d6a9081 of 512 bytes failed: Only part of a ReadProcessMemory or WriteProcessMemory request was completed. (0x12B)
[0627/231121.089:ERROR:process_memory_win.cc(73)] ReadMemory at 0x15d8d6a93b0 of 712 bytes failed: Only part of a ReadProcessMemory or WriteProcessMemory request was completed. (0x12B)
[0627/231121.089:ERROR:process_memory_win.cc(73)] ReadMemory at 0x15d8d6b0b50 of 512 bytes failed: Only part of a ReadProcessMemory or WriteProcessMemory request was completed. (0x12B)
[0627/231121.089:ERROR:process_memory_win.cc(73)] ReadMemory at 0x15d8d6b5120 of 512 bytes failed: Only part of a ReadProcessMemory or WriteProcessMemory request was completed. (0x12B)
[0627/231121.089:ERROR:process_memory_win.cc(73)] ReadMemory at 0x15d8d70ea80 of 512 bytes failed: Only part of a ReadProcessMemory or WriteProcessMemory request was completed. (0x12B)
[0627/231121.089:ERROR:process_memory_win.cc(73)] ReadMemory at 0x15d8d711750 of 512 bytes failed: Only part of a ReadProcessMemory or WriteProcessMemory request was completed. (0x12B)
[0627/231121.089:ERROR:process_memory_win.cc(73)] ReadMemory at 0x15d8d713dc0 of 512 bytes failed: Only part of a ReadProcessMemory or WriteProcessMemory request was completed. (0x12B)
[0627/231121.089:ERROR:process_memory_win.cc(73)] ReadMemory at 0x15d8d713ff0 of 512 bytes failed: Only part of a ReadProcessMemory or WriteProcessMemory request was completed. (0x12B)
[0627/231121.089:ERROR:process_memory_win.cc(73)] ReadMemory at 0x15d8d716e70 of 512 bytes failed: Only part of a ReadProcessMemory or WriteProcessMemory request was completed. (0x12B)
[0627/231121.089:ERROR:process_memory_win.cc(73)] ReadMemory at 0x15d8ecd0c60 of 544 bytes failed: Only part of a ReadProcessMemory or WriteProcessMemory request was completed. (0x12B)
[0627/231121.089:ERROR:process_memory_win.cc(73)] ReadMemory at 0x62f4086def1c of 512 bytes failed: Only part of a ReadProcessMemory or WriteProcessMemory request was completed. (0x12B)
[0627/231121.089:ERROR:process_memory_win.cc(73)] ReadMemory at 0x6dfcba28c6c8 of 512 bytes failed: Only part of a ReadProcessMemory or WriteProcessMemory request was completed. (0x12B)
[0627/231121.089:ERROR:process_memory_win.cc(73)] ReadMemory at 0x7ffeadf78cfc of 512 bytes failed: Only part of a ReadProcessMemory or WriteProcessMemory request was completed. (0x12B)
[0627/231121.089:ERROR:process_memory_win.cc(73)] ReadMemory at 0x7ffeaeea67e1 of 512 bytes failed: Only part of a ReadProcessMemory or WriteProcessMemory request was completed. (0x12B)
[0627/231121.089:ERROR:process_memory_win.cc(73)] ReadMemory at 0x7ffeb30fa568 of 512 bytes failed: Only part of a ReadProcessMemory or WriteProcessMemory request was completed. (0x12B)
[0627/231121.089:ERROR:process_memory_win.cc(73)] ReadMemory at 0x7ffefb15f764 of 672 bytes failed: Only part of a ReadProcessMemory or WriteProcessMemory request was completed. (0x12B)
[0627/231121.089:ERROR:process_memory_win.cc(73)] ReadMemory at 0x7ffefb15fd64 of 512 bytes failed: Only part of a ReadProcessMemory or WriteProcessMemory request was completed. (0x12B)
[0627/231121.089:ERROR:process_memory_win.cc(73)] ReadMemory at 0x7ffefb162ff4 of 608 bytes failed: Only part of a ReadProcessMemory or WriteProcessMemory request was completed. (0x12B)
[0627/231121.089:ERROR:process_memory_win.cc(73)] ReadMemory at 0x7ffefb1ec0c8 of 18 bytes failed: Only part of a ReadProcessMemory or WriteProcessMemory request was completed. (0x12B)
[0627/231121.089:ERROR:process_memory_win.cc(73)] ReadMemory at 0x7ffefb21f4f8 of 40 bytes failed: Only part of a ReadProcessMemory or WriteProcessMemory request was completed. (0x12B)
[0627/231121.089:ERROR:process_memory_win.cc(73)] ReadMemory at 0x7ffefb21f978 of 48 bytes failed: Only part of a ReadProcessMemory or WriteProcessMemory request was completed. (0x12B)
[0627/231121.089:ERROR:process_memory_win.cc(73)] ReadMemory at 0x7ffefb2253c0 of 64 bytes failed: Only part of a ReadProcessMemory or WriteProcessMemory request was completed. (0x12B)
[0627/231121.089:ERROR:scoped_process_suspend.cc(40)] NtResumeProcess: An attempt was made to access an exiting process. (0xc000010a)
